<?xml version="1.0" encoding="UTF-8"?>
<robot generator="Robot 6.0.1 (Python 3.11.0 on win32)" generated="20221117 16:51:29.160" rpa="false" schemaversion="3">
<suite id="s1" name="TestSuite" source="E:\Programowanie\Warsztaty Mobica\Day2\TestSuite.robot">
<test id="s1-t1" name="Drugi test" line="8">
<kw name="Log To Console" library="BuiltIn">
<arg>Kolejny test oby zielony!</arg>
<doc>Logs the given message to the console.</doc>
<status status="PASS" starttime="20221117 16:51:29.175" endtime="20221117 16:51:29.175"/>
</kw>
<doc>To jest drugi test</doc>
<status status="PASS" starttime="20221117 16:51:29.175" endtime="20221117 16:51:29.176"/>
</test>
<doc>Pierwsze testy!</doc>
<status status="PASS" starttime="20221117 16:51:29.163" endtime="20221117 16:51:29.176"/>
</suite>
<statistics>
<total>
<stat pass="1" fail="0" skip="0">All Tests</stat>
</total>
<tag>
</tag>
<suite>
<stat pass="1" fail="0" skip="0" id="s1" name="TestSuite">TestSuite</stat>
</suite>
</statistics>
<errors>
</errors>
</robot>
